[debug] [2022-07-14T18:46:22.935Z] ----------------------------------------------------------------------
[debug] [2022-07-14T18:46:22.940Z] Command:       C:\Program Files\nodejs\node.exe C:\Users\mager\AppData\Roaming\npm\node_modules\firebase-tools\lib\bin\firebase.js init
[debug] [2022-07-14T18:46:22.941Z] CLI Version:   11.2.1
[debug] [2022-07-14T18:46:22.941Z] Platform:      win32
[debug] [2022-07-14T18:46:22.941Z] Node Version:  v18.2.0
[debug] [2022-07-14T18:46:22.943Z] Time:          Thu Jul 14 2022 15:46:22 GMT-0300 (hora estándar de Argentina)
[debug] [2022-07-14T18:46:22.943Z] ----------------------------------------------------------------------
[debug] 
[debug] [2022-07-14T18:46:22.958Z] > command requires scopes: ["email","openid","https://www.googleapis.com/auth/cloudplatformprojects.readonly","https://www.googleapis.com/auth/firebase","https://www.googleapis.com/auth/cloud-platform"]
[debug] [2022-07-14T18:46:22.959Z] > authorizing via signed-in user (m.a.gervasoni84@gmail.com)
[info] 
     ######## #### ########  ######## ########     ###     ######  ########
     ##        ##  ##     ## ##       ##     ##  ##   ##  ##       ##
     ######    ##  ########  ######   ########  #########  ######  ######
     ##        ##  ##    ##  ##       ##     ## ##     ##       ## ##
     ##       #### ##     ## ######## ########  ##     ##  ######  ########

You're about to initialize a Firebase project in this directory:

  C:\Programacion\Portfolio\portfolio\src

Before we get started, keep in mind:

  * You are currently outside your home directory

[info] 
=== Project Setup
[info] 
[info] First, let's associate this project directory with a Firebase project.
[info] You can create multiple project aliases by running firebase use --add, 
[info] but for now we'll just set up a default project.
[info] 
[debug] [2022-07-14T18:47:11.063Z] >>> [apiv2][query] GET https://firebase.googleapis.com/v1beta1/projects pageSize=100
[debug] [2022-07-14T18:47:11.833Z] <<< [apiv2][status] GET https://firebase.googleapis.com/v1beta1/projects 200
[debug] [2022-07-14T18:47:11.834Z] <<< [apiv2][body] GET https://firebase.googleapis.com/v1beta1/projects [omitted]
[info] i  Using project gervasoni-portfolio (gervasoni-portfolio) 
[info] 
=== Hosting Setup
[info] 
[info] Your public directory is the folder (relative to your project directory) that
[info] will contain Hosting assets to be uploaded with firebase deploy. If you
[info] have a build process for your assets, use your build's output directory.
[info] 
[info] +  Wrote public/404.html 
[debug] [2022-07-14T18:48:15.847Z] >>> [apiv2][query] GET https://www.gstatic.com/firebasejs/releases.json [none]
[debug] [2022-07-14T18:48:15.958Z] <<< [apiv2][status] GET https://www.gstatic.com/firebasejs/releases.json 200
[debug] [2022-07-14T18:48:15.959Z] <<< [apiv2][body] GET https://www.gstatic.com/firebasejs/releases.json {"current":{"version":"9.9.0","browserURL":"https://www.gstatic.com/firebasejs/9.9.0/firebase.js","packageURL":"https://www.gstatic.com/firebasejs/9.9.0/firebase.tgz"},"live":{"version":"9.9","browserURL":"https://www.gstatic.com/firebasejs/live/9.9/firebase.js","packageURL":"https://www.gstatic.com/firebasejs/live/9.9/firebase.tgz"},"components":{"analytics":"https://www.gstatic.com/firebasejs/9.9.0/firebase-analytics.js","app":"https://www.gstatic.com/firebasejs/9.9.0/firebase-app.js","app-check":"https://www.gstatic.com/firebasejs/9.9.0/firebase-app-check.js","auth":"https://www.gstatic.com/firebasejs/9.9.0/firebase-auth.js","auth/cordova":"https://www.gstatic.com/firebasejs/9.9.0/firebase-auth/cordova.js","auth/react-native":"https://www.gstatic.com/firebasejs/9.9.0/firebase-auth/react-native.js","functions":"https://www.gstatic.com/firebasejs/9.9.0/firebase-functions.js","firestore":"https://www.gstatic.com/firebasejs/9.9.0/firebase-firestore.js","firestore/lite":"https://www.gstatic.com/firebasejs/9.9.0/firebase-firestore/lite.js","installations":"https://www.gstatic.com/firebasejs/9.9.0/firebase-installations.js","storage":"https://www.gstatic.com/firebasejs/9.9.0/firebase-storage.js","performance":"https://www.gstatic.com/firebasejs/9.9.0/firebase-performance.js","remote-config":"https://www.gstatic.com/firebasejs/9.9.0/firebase-remote-config.js","messaging":"https://www.gstatic.com/firebasejs/9.9.0/firebase-messaging.js","messaging/sw":"https://www.gstatic.com/firebasejs/9.9.0/firebase-messaging/sw.js","database":"https://www.gstatic.com/firebasejs/9.9.0/firebase-database.js","firestore.memory":"https://www.gstatic.com/firebasejs/9.9.0/firebase-firestore.memory.js"}}
[info] +  Wrote public/index.html 
[info] 
[info] i  Detected a .git folder at C:\Programacion\Portfolio\portfolio 
[info] i  Authorizing with GitHub to upload your service account to a GitHub repository's secrets store. 
[info] 
[info] Visit this URL on this device to log in:
[info] https://github.com/login/oauth/authorize?client_id=89cf50f02ac6aaed3484&state=873231549&redirect_uri=http%3A%2F%2Flocalhost%3A9005&scope=read%3Auser%20repo%20public_repo
[info] 
[info] Waiting for authentication...
[debug] [2022-07-14T18:48:24.278Z] >>> [apiv2][query] POST https://github.com/login/oauth/access_token [none]
[debug] [2022-07-14T18:48:24.279Z] >>> [apiv2][body] POST https://github.com/login/oauth/access_token [stream]
[debug] [2022-07-14T18:48:24.691Z] <<< [apiv2][status] POST https://github.com/login/oauth/access_token 200
[debug] [2022-07-14T18:48:24.692Z] <<< [apiv2][body] POST https://github.com/login/oauth/access_token {"access_token":"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","token_type":"bearer","scope":"read:user,repo"}
[debug] [2022-07-14T18:48:24.739Z] >>> [apiv2][query] GET https://api.github.com/user [none]
[debug] [2022-07-14T18:48:25.110Z] <<< [apiv2][status] GET https://api.github.com/user 200
[debug] [2022-07-14T18:48:25.111Z] <<< [apiv2][body] GET https://api.github.com/user {"login":"magervasoni84","id":58576903,"node_id":"MDQ6VXNlcjU4NTc2OTAz","avatar_url":"https://avatars.githubusercontent.com/u/58576903?v=4","gravatar_id":"","url":"https://api.github.com/users/magervasoni84","html_url":"https://github.com/magervasoni84","followers_url":"https://api.github.com/users/magervasoni84/followers","following_url":"https://api.github.com/users/magervasoni84/following{/other_user}","gists_url":"https://api.github.com/users/magervasoni84/gists{/gist_id}","starred_url":"https://api.github.com/users/magervasoni84/starred{/owner}{/repo}","subscriptions_url":"https://api.github.com/users/magervasoni84/subscriptions","organizations_url":"https://api.github.com/users/magervasoni84/orgs","repos_url":"https://api.github.com/users/magervasoni84/repos","events_url":"https://api.github.com/users/magervasoni84/events{/privacy}","received_events_url":"https://api.github.com/users/magervasoni84/received_events","type":"User","site_admin":false,"name":"magervasoni84","company":null,"blog":"","location":"Buenos Aires Argentina","email":"m.a.gervasoni84@gmail.com","hireable":null,"bio":null,"twitter_username":null,"public_repos":5,"public_gists":0,"followers":0,"following":3,"created_at":"2019-12-06T00:52:39Z","updated_at":"2022-07-08T20:39:36Z","private_gists":0,"total_private_repos":0,"owned_private_repos":0,"disk_usage":1860,"collaborators":0,"two_factor_authentication":false,"plan":{"name":"free","space":976562499,"collaborators":0,"private_repos":10000}}
[info] 
[info] +  Success! Logged into GitHub as magervasoni84 
[info] 
[debug] [2022-07-14T18:48:52.948Z] >>> [apiv2][query] GET https://api.github.com/repos//actions/secrets/public-key type=owner
[debug] [2022-07-14T18:48:53.271Z] <<< [apiv2][status] GET https://api.github.com/repos//actions/secrets/public-key 404
[debug] [2022-07-14T18:48:53.271Z] <<< [apiv2][body] GET https://api.github.com/repos//actions/secrets/public-key {"message":"Not Found","documentation_url":"https://docs.github.com/rest"}
[debug] [2022-07-14T18:48:54.127Z] >>> [apiv2][query] GET https://api.github.com/repos//actions/secrets/public-key type=owner
[debug] [2022-07-14T18:48:54.428Z] <<< [apiv2][status] GET https://api.github.com/repos//actions/secrets/public-key 404
[debug] [2022-07-14T18:48:54.428Z] <<< [apiv2][body] GET https://api.github.com/repos//actions/secrets/public-key {"message":"Not Found","documentation_url":"https://docs.github.com/rest"}
[debug] [2022-07-14T18:48:54.886Z] >>> [apiv2][query] GET https://api.github.com/repos//actions/secrets/public-key type=owner
[debug] [2022-07-14T18:48:55.184Z] <<< [apiv2][status] GET https://api.github.com/repos//actions/secrets/public-key 404
[debug] [2022-07-14T18:48:55.185Z] <<< [apiv2][body] GET https://api.github.com/repos//actions/secrets/public-key {"message":"Not Found","documentation_url":"https://docs.github.com/rest"}
[debug] [2022-07-14T18:48:55.899Z] >>> [apiv2][query] GET https://api.github.com/repos//actions/secrets/public-key type=owner
[debug] [2022-07-14T18:48:56.200Z] <<< [apiv2][status] GET https://api.github.com/repos//actions/secrets/public-key 404
[debug] [2022-07-14T18:48:56.200Z] <<< [apiv2][body] GET https://api.github.com/repos//actions/secrets/public-key {"message":"Not Found","documentation_url":"https://docs.github.com/rest"}
[debug] [2022-07-14T18:49:07.879Z] >>> [apiv2][query] GET https://api.github.com/repos/magervasoni84/prueba/actions/secrets/public-key type=owner
[debug] [2022-07-14T18:49:08.217Z] <<< [apiv2][status] GET https://api.github.com/repos/magervasoni84/prueba/actions/secrets/public-key 404
[debug] [2022-07-14T18:49:08.217Z] <<< [apiv2][body] GET https://api.github.com/repos/magervasoni84/prueba/actions/secrets/public-key {"message":"Not Found","documentation_url":"https://docs.github.com/rest/reference/actions#get-a-repository-public-key"}
